<?xml version="1.0" encoding="utf-8"?><testsuites name="pytest tests"><testsuite name="pytest" errors="0" failures="0" skipped="0" tests="6" time="1.114" timestamp="2026-05-09T06:00:05.848311+00:00" hostname="agent-env-dd2b431b-2ebe-4556-8155-ec137e88dda1"><testcase classname="backend.tests.test_portfolio_api" name="test_root" time="0.243" /><testcase classname="backend.tests.test_portfolio_api" name="test_projects" time="0.103" /><testcase classname="backend.tests.test_portfolio_api" name="test_contact_create_and_persist" time="0.212" /><testcase classname="backend.tests.test_portfolio_api" name="test_contact_invalid_email" time="0.098" /><testcase classname="backend.tests.test_portfolio_api" name="test_contact_empty_fields" time="0.098" /><testcase classname="backend.tests.test_portfolio_api" name="test_contact_missing_fields" time="0.216" /></testsuite></testsuites>